<?xml version="1.0" encoding="UTF-8"?>
<robot generator="Robot 7.3 (Python 3.11.0 on win32)" generated="2025-06-04T15:34:00.052576" rpa="false" schemaversion="5">
<suite id="s1" name="Test" source="C:\Users\User\Documents\orangehrm-test\test.robot">
<test id="s1-t1" name="Login in OrangeHRM" line="5">
<kw name="Given User Test Website">
<kw name="User Opens Browser and Go to URL" owner="keywords">
<kw name="Open Browser" owner="SeleniumLibrary">
<msg time="2025-06-04T15:34:01.574707" level="INFO">Opening browser 'chrome' to base url 'https://opensource-demo.orangehrmlive.com/'.</msg>
<arg>${url}</arg>
<arg>${browser}</arg>
<doc>Opens a new browser instance to the optional ``url``.</doc>
<status status="PASS" start="2025-06-04T15:34:01.574707" elapsed="5.329319"/>
</kw>
<kw name="Maximize Browser Window" owner="SeleniumLibrary">
<doc>Maximizes current browser window.</doc>
<status status="PASS" start="2025-06-04T15:34:06.904026" elapsed="0.041694"/>
</kw>
<kw name="Sleep" owner="BuiltIn">
<msg time="2025-06-04T15:34:11.946605" level="INFO">Slept 5 seconds.</msg>
<arg>5s</arg>
<doc>Pauses the test executed for the given time.</doc>
<status status="PASS" start="2025-06-04T15:34:06.945720" elapsed="5.001393"/>
</kw>
<status status="PASS" start="2025-06-04T15:34:01.557612" elapsed="10.389501"/>
</kw>
<status status="PASS" start="2025-06-04T15:34:01.557612" elapsed="10.389501"/>
</kw>
<kw name="When User fill the form with valid data">
<kw name="Login To OrangeHRM" owner="keywords">
<kw name="Input Text" owner="SeleniumLibrary">
<msg time="2025-06-04T15:34:11.949652" level="INFO">Typing text 'Admin' into text field '//input[@placeholder='Username']'.</msg>
<arg>//input[@placeholder='Username']</arg>
<arg>${username}</arg>
<doc>Types the given ``text`` into the text field identified by ``locator``.</doc>
<status status="PASS" start="2025-06-04T15:34:11.949652" elapsed="0.137646"/>
</kw>
<kw name="Sleep" owner="BuiltIn">
<msg time="2025-06-04T15:34:15.087794" level="INFO">Slept 3 seconds.</msg>
<arg>3s</arg>
<doc>Pauses the test executed for the given time.</doc>
<status status="PASS" start="2025-06-04T15:34:12.087298" elapsed="3.000496"/>
</kw>
<kw name="Input Text" owner="SeleniumLibrary">
<msg time="2025-06-04T15:34:15.087794" level="INFO">Typing text 'admin123' into text field '//input[@placeholder='Password']'.</msg>
<arg>//input[@placeholder='Password']</arg>
<arg>${password}</arg>
<doc>Types the given ``text`` into the text field identified by ``locator``.</doc>
<status status="PASS" start="2025-06-04T15:34:15.087794" elapsed="0.178840"/>
</kw>
<kw name="Sleep" owner="BuiltIn">
<msg time="2025-06-04T15:34:18.268845" level="INFO">Slept 3 seconds.</msg>
<arg>3s</arg>
<doc>Pauses the test executed for the given time.</doc>
<status status="PASS" start="2025-06-04T15:34:15.268301" elapsed="3.000544"/>
</kw>
<status status="PASS" start="2025-06-04T15:34:11.949652" elapsed="6.319193"/>
</kw>
<status status="PASS" start="2025-06-04T15:34:11.947113" elapsed="6.321732"/>
</kw>
<kw name="Then User click login button">
<kw name="Login Button" owner="keywords">
<kw name="Click Button" owner="SeleniumLibrary">
<msg time="2025-06-04T15:34:18.270351" level="INFO">Clicking button '//button[normalize-space()='Login']'.</msg>
<arg>//button[normalize-space()='Login']</arg>
<doc>Clicks the button identified by ``locator``.</doc>
<status status="PASS" start="2025-06-04T15:34:18.270351" elapsed="0.130547"/>
</kw>
<kw name="Sleep" owner="BuiltIn">
<msg time="2025-06-04T15:34:23.403908" level="INFO">Slept 5 seconds.</msg>
<arg>5s</arg>
<doc>Pauses the test executed for the given time.</doc>
<status status="PASS" start="2025-06-04T15:34:18.400898" elapsed="5.003010"/>
</kw>
<status status="PASS" start="2025-06-04T15:34:18.270351" elapsed="5.133557"/>
</kw>
<status status="PASS" start="2025-06-04T15:34:18.270351" elapsed="5.133557"/>
</kw>
<tag>bad</tag>
<tag>good</tag>
<status status="PASS" start="2025-06-04T15:34:01.557612" elapsed="21.846296"/>
</test>
<test id="s1-t2" name="Invalid PIM Employee Creation" line="17">
<kw name="Given User is on the PIM pagev2">
<kw name="Go To PIM Add Employee" owner="keywords">
<kw name="Click Element" owner="SeleniumLibrary">
<msg time="2025-06-04T15:34:23.409783" level="INFO">Clicking element '//*[@id="app"]/div[1]/div[1]/aside/nav/div[2]/ul/li[2]/a/span'.</msg>
<arg>//*[@id="app"]/div[1]/div[1]/aside/nav/div[2]/ul/li[2]/a/span</arg>
<doc>Click the element identified by ``locator``.</doc>
<status status="PASS" start="2025-06-04T15:34:23.408469" elapsed="0.907854"/>
</kw>
<kw name="Sleep" owner="BuiltIn">
<msg time="2025-06-04T15:34:29.319207" level="INFO">Slept 5 seconds.</msg>
<arg>5s</arg>
<doc>Pauses the test executed for the given time.</doc>
<status status="PASS" start="2025-06-04T15:34:24.318330" elapsed="5.000877"/>
</kw>
<status status="PASS" start="2025-06-04T15:34:23.408469" elapsed="5.910738"/>
</kw>
<status status="PASS" start="2025-06-04T15:34:23.407269" elapsed="5.911938"/>
</kw>
<kw name="When User fill the form with invalid employee info">
<kw name="Fill User Form With Invalid Data" owner="keywords">
<kw name="Last Name" owner="FakerLibrary">
<msg time="2025-06-04T15:34:29.322417" level="INFO">${middleName} = Moran</msg>
<var>${middleName}</var>
<status status="PASS" start="2025-06-04T15:34:29.322417" elapsed="0.000000"/>
</kw>
<kw name="Last Name" owner="FakerLibrary">
<msg time="2025-06-04T15:34:29.322417" level="INFO">${lastName} = Byrd</msg>
<var>${lastName}</var>
<status status="PASS" start="2025-06-04T15:34:29.322417" elapsed="0.000000"/>
</kw>
<kw name="User Name" owner="FakerLibrary">
<msg time="2025-06-04T15:34:29.324156" level="INFO">${userName} = hhernandez</msg>
<var>${userName}</var>
<status status="PASS" start="2025-06-04T15:34:29.324156" elapsed="0.000000"/>
</kw>
<kw name="Click Button" owner="SeleniumLibrary">
<msg time="2025-06-04T15:34:29.324156" level="INFO">Clicking button '//button[normalize-space()='Add']'.</msg>
<arg>//button[normalize-space()='Add']</arg>
<doc>Clicks the button identified by ``locator``.</doc>
<status status="PASS" start="2025-06-04T15:34:29.324156" elapsed="0.979700"/>
</kw>
<kw name="Sleep" owner="BuiltIn">
<msg time="2025-06-04T15:34:35.304455" level="INFO">Slept 5 seconds.</msg>
<arg>5s</arg>
<doc>Pauses the test executed for the given time.</doc>
<status status="PASS" start="2025-06-04T15:34:30.303856" elapsed="5.000599"/>
</kw>
<kw name="Click Button" owner="SeleniumLibrary">
<msg time="2025-06-04T15:34:35.304455" level="INFO">Clicking button '//button[normalize-space()='Cancel']'.</msg>
<arg>//button[normalize-space()='Cancel']</arg>
<doc>Clicks the button identified by ``locator``.</doc>
<status status="PASS" start="2025-06-04T15:34:35.304455" elapsed="0.627476"/>
</kw>
<kw name="Sleep" owner="BuiltIn">
<msg time="2025-06-04T15:34:40.932390" level="INFO">Slept 5 seconds.</msg>
<arg>5s</arg>
<doc>Pauses the test executed for the given time.</doc>
<status status="PASS" start="2025-06-04T15:34:35.931931" elapsed="5.000459"/>
</kw>
<kw name="Click Button" owner="SeleniumLibrary">
<msg time="2025-06-04T15:34:40.932390" level="INFO">Clicking button '//button[normalize-space()='Add']'.</msg>
<arg>//button[normalize-space()='Add']</arg>
<doc>Clicks the button identified by ``locator``.</doc>
<status status="PASS" start="2025-06-04T15:34:40.932390" elapsed="0.991388"/>
</kw>
<kw name="Sleep" owner="BuiltIn">
<msg time="2025-06-04T15:34:46.924234" level="INFO">Slept 5 seconds.</msg>
<arg>5s</arg>
<doc>Pauses the test executed for the given time.</doc>
<status status="PASS" start="2025-06-04T15:34:41.923778" elapsed="5.000456"/>
</kw>
<kw name="Input Text" owner="SeleniumLibrary">
<msg time="2025-06-04T15:34:46.924234" level="INFO">Typing text 'Moran' into text field '//input[@placeholder='Middle Name']'.</msg>
<arg>//input[@placeholder='Middle Name']</arg>
<arg>${middleName}</arg>
<doc>Types the given ``text`` into the text field identified by ``locator``.</doc>
<status status="PASS" start="2025-06-04T15:34:46.924234" elapsed="0.175128"/>
</kw>
<kw name="Sleep" owner="BuiltIn">
<msg time="2025-06-04T15:34:50.099979" level="INFO">Slept 3 seconds.</msg>
<arg>3s</arg>
<doc>Pauses the test executed for the given time.</doc>
<status status="PASS" start="2025-06-04T15:34:47.099362" elapsed="3.000617"/>
</kw>
<kw name="Input Text" owner="SeleniumLibrary">
<msg time="2025-06-04T15:34:50.099979" level="INFO">Typing text 'Byrd' into text field '//input[@placeholder='Last Name']'.</msg>
<arg>//input[@placeholder='Last Name']</arg>
<arg>${lastName}</arg>
<doc>Types the given ``text`` into the text field identified by ``locator``.</doc>
<status status="PASS" start="2025-06-04T15:34:50.099979" elapsed="0.127902"/>
</kw>
<kw name="Sleep" owner="BuiltIn">
<msg time="2025-06-04T15:34:53.228046" level="INFO">Slept 3 seconds.</msg>
<arg>3s</arg>
<doc>Pauses the test executed for the given time.</doc>
<status status="PASS" start="2025-06-04T15:34:50.227881" elapsed="3.000165"/>
</kw>
<kw name="Click Element" owner="SeleniumLibrary">
<msg time="2025-06-04T15:34:53.228046" level="INFO">Clicking element '//*[@id="app"]/div[1]/div[2]/div[2]/div/div/form/div[1]/div[2]/div[2]/div/label/span'.</msg>
<arg>//*[@id="app"]/div[1]/div[2]/div[2]/div/div/form/div[1]/div[2]/div[2]/div/label/span</arg>
<doc>Click the element identified by ``locator``.</doc>
<status status="PASS" start="2025-06-04T15:34:53.228046" elapsed="0.091866"/>
</kw>
<kw name="Sleep" owner="BuiltIn">
<msg time="2025-06-04T15:34:58.320255" level="INFO">Slept 5 seconds.</msg>
<arg>5s</arg>
<doc>Pauses the test executed for the given time.</doc>
<status status="PASS" start="2025-06-04T15:34:53.319912" elapsed="5.000343"/>
</kw>
<kw name="Input Text" owner="SeleniumLibrary">
<msg time="2025-06-04T15:34:58.320255" level="INFO">Typing text 'hhernandez' into text field '//*[@id="app"]/div[1]/div[2]/div[2]/div/div/form/div[1]/div[2]/div[3]/div/div[1]/div/div[2]/input'.</msg>
<arg>//*[@id="app"]/div[1]/div[2]/div[2]/div/div/form/div[1]/div[2]/div[3]/div/div[1]/div/div[2]/input</arg>
<arg>${userName}</arg>
<doc>Types the given ``text`` into the text field identified by ``locator``.</doc>
<status status="PASS" start="2025-06-04T15:34:58.320255" elapsed="0.131781"/>
</kw>
<kw name="Sleep" owner="BuiltIn">
<msg time="2025-06-04T15:35:01.452598" level="INFO">Slept 3 seconds.</msg>
<arg>3s</arg>
<doc>Pauses the test executed for the given time.</doc>
<status status="PASS" start="2025-06-04T15:34:58.452036" elapsed="3.000562"/>
</kw>
<kw name="Input Text" owner="SeleniumLibrary">
<msg time="2025-06-04T15:35:01.452598" level="INFO">Typing text 'Employ0001.' into text field '//*[@id="app"]/div[1]/div[2]/div[2]/div/div/form/div[1]/div[2]/div[4]/div/div[1]/div/div[2]/input'.</msg>
<arg>//*[@id="app"]/div[1]/div[2]/div[2]/div/div/form/div[1]/div[2]/div[4]/div/div[1]/div/div[2]/input</arg>
<arg>${emp_password}</arg>
<doc>Types the given ``text`` into the text field identified by ``locator``.</doc>
<status status="PASS" start="2025-06-04T15:35:01.452598" elapsed="0.142682"/>
</kw>
<kw name="Sleep" owner="BuiltIn">
<msg time="2025-06-04T15:35:04.596084" level="INFO">Slept 3 seconds.</msg>
<arg>3s</arg>
<doc>Pauses the test executed for the given time.</doc>
<status status="PASS" start="2025-06-04T15:35:01.595280" elapsed="3.000804"/>
</kw>
<kw name="Input Password" owner="SeleniumLibrary">
<msg time="2025-06-04T15:35:04.596628" level="INFO">Typing password into text field '//*[@id="app"]/div[1]/div[2]/div[2]/div/div/form/div[1]/div[2]/div[4]/div/div[2]/div/div[2]/input'.</msg>
<msg time="2025-06-04T15:35:04.643614" level="INFO">Temporally setting log level to: NONE</msg>
<arg>//*[@id="app"]/div[1]/div[2]/div[2]/div/div/form/div[1]/div[2]/div[4]/div/div[2]/div/div[2]/input</arg>
<arg>${emp_password}</arg>
<doc>Types the given password into the text field identified by ``locator``.</doc>
<status status="PASS" start="2025-06-04T15:35:04.596628" elapsed="0.138740"/>
</kw>
<kw name="Sleep" owner="BuiltIn">
<msg time="2025-06-04T15:35:07.735538" level="INFO">Slept 3 seconds.</msg>
<arg>3s</arg>
<doc>Pauses the test executed for the given time.</doc>
<status status="PASS" start="2025-06-04T15:35:04.735368" elapsed="3.000170"/>
</kw>
<status status="PASS" start="2025-06-04T15:34:29.319207" elapsed="38.416331"/>
</kw>
<status status="PASS" start="2025-06-04T15:34:29.319207" elapsed="38.416331"/>
</kw>
<kw name="Then User save the invalid employee info">
<kw name="Save New Employee Data" owner="keywords">
<kw name="Click Button" owner="SeleniumLibrary">
<msg time="2025-06-04T15:35:07.735538" level="INFO">Clicking button '//button[normalize-space()='Save']'.</msg>
<arg>//button[normalize-space()='Save']</arg>
<doc>Clicks the button identified by ``locator``.</doc>
<status status="PASS" start="2025-06-04T15:35:07.735538" elapsed="0.146310"/>
</kw>
<kw name="Sleep" owner="BuiltIn">
<msg time="2025-06-04T15:35:17.884376" level="INFO">Slept 10 seconds.</msg>
<arg>10s</arg>
<doc>Pauses the test executed for the given time.</doc>
<status status="PASS" start="2025-06-04T15:35:07.883869" elapsed="10.000507"/>
</kw>
<status status="PASS" start="2025-06-04T15:35:07.735538" elapsed="10.148838"/>
</kw>
<status status="PASS" start="2025-06-04T15:35:07.735538" elapsed="10.148838"/>
</kw>
<tag>bad</tag>
<status status="PASS" start="2025-06-04T15:34:23.403908" elapsed="54.480468"/>
</test>
<test id="s1-t3" name="Invalid Admin User Employee Creation" line="41">
<kw name="Given User is on the admin page">
<kw name="Go To Admin Add User" owner="keywords">
<kw name="Click Element" owner="SeleniumLibrary">
<msg time="2025-06-04T15:35:17.884376" level="INFO">Clicking element '//*[@id="app"]/div[1]/div[1]/aside/nav/div[2]/ul/li[1]/a/span'.</msg>
<arg>//*[@id="app"]/div[1]/div[1]/aside/nav/div[2]/ul/li[1]/a/span</arg>
<doc>Click the element identified by ``locator``.</doc>
<status status="PASS" start="2025-06-04T15:35:17.884376" elapsed="1.331372"/>
</kw>
<kw name="Sleep" owner="BuiltIn">
<msg time="2025-06-04T15:35:24.215949" level="INFO">Slept 5 seconds.</msg>
<arg>5s</arg>
<doc>Pauses the test executed for the given time.</doc>
<status status="PASS" start="2025-06-04T15:35:19.215748" elapsed="5.000201"/>
</kw>
<status status="PASS" start="2025-06-04T15:35:17.884376" elapsed="6.331573"/>
</kw>
<status status="PASS" start="2025-06-04T15:35:17.884376" elapsed="6.331573"/>
</kw>
<kw name="When User fill the form with invalid user info">
<kw name="Fill Admin User Form With Invalid Data" owner="keywords">
<kw name="Name" owner="FakerLibrary">
<msg time="2025-06-04T15:35:24.218634" level="INFO">${Name} = Crystal Robinson</msg>
<var>${Name}</var>
<doc>:example: 'John Doe'</doc>
<status status="PASS" start="2025-06-04T15:35:24.217118" elapsed="0.001516"/>
</kw>
<kw name="Random Letter" owner="FakerLibrary">
<msg time="2025-06-04T15:35:24.218634" level="INFO">${randomLetter} = b</msg>
<var>${randomLetter}</var>
<doc>Generate a random ASCII letter (a-z and A-Z).</doc>
<status status="PASS" start="2025-06-04T15:35:24.218634" elapsed="0.000000"/>
</kw>
<kw name="User Name" owner="FakerLibrary">
<msg time="2025-06-04T15:35:24.218634" level="INFO">${userName} = jeannesnow</msg>
<var>${userName}</var>
<status status="PASS" start="2025-06-04T15:35:24.218634" elapsed="0.000000"/>
</kw>
<kw name="Click Button" owner="SeleniumLibrary">
<msg time="2025-06-04T15:35:24.218634" level="INFO">Clicking button '//button[normalize-space()='Add']'.</msg>
<arg>//button[normalize-space()='Add']</arg>
<doc>Clicks the button identified by ``locator``.</doc>
<status status="PASS" start="2025-06-04T15:35:24.218634" elapsed="0.776424"/>
</kw>
<kw name="Sleep" owner="BuiltIn">
<msg time="2025-06-04T15:35:29.998563" level="INFO">Slept 5 seconds.</msg>
<arg>5s</arg>
<doc>Pauses the test executed for the given time.</doc>
<status status="PASS" start="2025-06-04T15:35:24.995058" elapsed="5.003505"/>
</kw>
<kw name="Click Button" owner="SeleniumLibrary">
<msg time="2025-06-04T15:35:29.998563" level="INFO">Clicking button '//button[normalize-space()='Cancel']'.</msg>
<arg>//button[normalize-space()='Cancel']</arg>
<doc>Clicks the button identified by ``locator``.</doc>
<status status="PASS" start="2025-06-04T15:35:29.998563" elapsed="0.964861"/>
</kw>
<kw name="Sleep" owner="BuiltIn">
<msg time="2025-06-04T15:35:35.963790" level="INFO">Slept 5 seconds.</msg>
<arg>5s</arg>
<doc>Pauses the test executed for the given time.</doc>
<status status="PASS" start="2025-06-04T15:35:30.963424" elapsed="5.000366"/>
</kw>
<kw name="Click Button" owner="SeleniumLibrary">
<msg time="2025-06-04T15:35:35.963790" level="INFO">Clicking button '//button[normalize-space()='Add']'.</msg>
<arg>//button[normalize-space()='Add']</arg>
<doc>Clicks the button identified by ``locator``.</doc>
<status status="PASS" start="2025-06-04T15:35:35.963790" elapsed="0.560285"/>
</kw>
<kw name="Sleep" owner="BuiltIn">
<msg time="2025-06-04T15:35:41.524676" level="INFO">Slept 5 seconds.</msg>
<arg>5s</arg>
<doc>Pauses the test executed for the given time.</doc>
<status status="PASS" start="2025-06-04T15:35:36.524075" elapsed="5.000601"/>
</kw>
<kw name="Create List" owner="BuiltIn">
<msg time="2025-06-04T15:35:41.524676" level="INFO">${roles} = ['Admin', 'ESS']</msg>
<var>${roles}</var>
<arg>Admin</arg>
<arg>ESS</arg>
<doc>Returns a list containing given items.</doc>
<status status="PASS" start="2025-06-04T15:35:41.524676" elapsed="0.000000"/>
</kw>
<kw name="Evaluate" owner="BuiltIn">
<msg time="2025-06-04T15:35:41.524676" level="INFO">${choice} = ESS</msg>
<var>${choice}</var>
<arg>random.choice(${roles})</arg>
<arg>modules=random</arg>
<doc>Evaluates the given expression in Python and returns the result.</doc>
<status status="PASS" start="2025-06-04T15:35:41.524676" elapsed="0.000000"/>
</kw>
<kw name="Click Element" owner="SeleniumLibrary">
<msg time="2025-06-04T15:35:41.524676" level="INFO">Clicking element 'xpath=//label[text()='User Role']/../following-sibling::div//div[contains(@class,'oxd-select-text')]'.</msg>
<arg>xpath=//label[text()='User Role']/../following-sibling::div//div[contains(@class,'oxd-select-text')]</arg>
<doc>Click the element identified by ``locator``.</doc>
<status status="PASS" start="2025-06-04T15:35:41.524676" elapsed="0.110010"/>
</kw>
<kw name="Click Element" owner="SeleniumLibrary">
<msg time="2025-06-04T15:35:41.636694" level="INFO">Clicking element 'xpath=//div[@role='listbox']//span[text()='ESS']'.</msg>
<arg>xpath=//div[@role='listbox']//span[text()='${choice}']</arg>
<doc>Click the element identified by ``locator``.</doc>
<status status="PASS" start="2025-06-04T15:35:41.634686" elapsed="0.126142"/>
</kw>
<kw name="Sleep" owner="BuiltIn">
<msg time="2025-06-04T15:35:46.766067" level="INFO">Slept 5 seconds.</msg>
<arg>5s</arg>
<doc>Pauses the test executed for the given time.</doc>
<status status="PASS" start="2025-06-04T15:35:41.760828" elapsed="5.005239"/>
</kw>
<kw name="Input Text" owner="SeleniumLibrary">
<msg time="2025-06-04T15:35:46.766067" level="INFO">Typing text 'a' into text field '//input[@placeholder='Type for hints...']'.</msg>
<arg>//input[@placeholder='Type for hints...']</arg>
<arg>${emp_letter}</arg>
<doc>Types the given ``text`` into the text field identified by ``locator``.</doc>
<status status="PASS" start="2025-06-04T15:35:46.766067" elapsed="0.150240"/>
</kw>
<kw name="Sleep" owner="BuiltIn">
<msg time="2025-06-04T15:35:51.916308" level="INFO">Slept 5 seconds.</msg>
<arg>5s</arg>
<doc>Pauses the test executed for the given time.</doc>
<status status="PASS" start="2025-06-04T15:35:46.916307" elapsed="5.000001"/>
</kw>
<kw name="Press Keys" owner="SeleniumLibrary">
<msg time="2025-06-04T15:35:51.916308" level="INFO">Sending key(s) ('ARROW_DOWN',) to page.</msg>
<msg time="2025-06-04T15:35:51.916308" level="INFO">Pressing special key ARROW_DOWN to browser.</msg>
<msg time="2025-06-04T15:35:51.916308" level="INFO">Releasing special key ARROW_DOWN.</msg>
<arg>NONE</arg>
<arg>ARROW_DOWN</arg>
<doc>Simulates the user pressing key(s) to an element or on the active browser.</doc>
<status status="PASS" start="2025-06-04T15:35:51.916308" elapsed="0.028157"/>
</kw>
<kw name="Press Keys" owner="SeleniumLibrary">
<msg time="2025-06-04T15:35:51.944465" level="INFO">Sending key(s) ('ENTER',) to page.</msg>
<msg time="2025-06-04T15:35:51.944465" level="INFO">Pressing special key ENTER to browser.</msg>
<msg time="2025-06-04T15:35:51.944465" level="INFO">Releasing special key ENTER.</msg>
<arg>NONE</arg>
<arg>ENTER</arg>
<doc>Simulates the user pressing key(s) to an element or on the active browser.</doc>
<status status="PASS" start="2025-06-04T15:35:51.944465" elapsed="0.019909"/>
</kw>
<kw name="Sleep" owner="BuiltIn">
<msg time="2025-06-04T15:35:56.965356" level="INFO">Slept 5 seconds.</msg>
<arg>5s</arg>
<doc>Pauses the test executed for the given time.</doc>
<status status="PASS" start="2025-06-04T15:35:51.964374" elapsed="5.000982"/>
</kw>
<kw name="Create List" owner="BuiltIn">
<msg time="2025-06-04T15:35:56.965356" level="INFO">${status} = ['Enabled', 'Disabled']</msg>
<var>${status}</var>
<arg>Enabled</arg>
<arg>Disabled</arg>
<doc>Returns a list containing given items.</doc>
<status status="PASS" start="2025-06-04T15:35:56.965356" elapsed="0.000000"/>
</kw>
<kw name="Evaluate" owner="BuiltIn">
<msg time="2025-06-04T15:35:56.967363" level="INFO">${choice} = Disabled</msg>
<var>${choice}</var>
<arg>random.choice(${status})</arg>
<arg>modules=random</arg>
<doc>Evaluates the given expression in Python and returns the result.</doc>
<status status="PASS" start="2025-06-04T15:35:56.965356" elapsed="0.002007"/>
</kw>
<kw name="Click Element" owner="SeleniumLibrary">
<msg time="2025-06-04T15:35:56.967363" level="INFO">Clicking element 'xpath=//label[text()='Status']/../following-sibling::div//div[contains(@class,'oxd-select-text')]'.</msg>
<arg>xpath=//label[text()='Status']/../following-sibling::div//div[contains(@class,'oxd-select-text')]</arg>
<doc>Click the element identified by ``locator``.</doc>
<status status="PASS" start="2025-06-04T15:35:56.967363" elapsed="0.078965"/>
</kw>
<kw name="Click Element" owner="SeleniumLibrary">
<msg time="2025-06-04T15:35:57.046328" level="INFO">Clicking element 'xpath=//div[@role='listbox']//span[text()='Disabled']'.</msg>
<arg>xpath=//div[@role='listbox']//span[text()='${choice}']</arg>
<doc>Click the element identified by ``locator``.</doc>
<status status="PASS" start="2025-06-04T15:35:57.046328" elapsed="0.147859"/>
</kw>
<kw name="Sleep" owner="BuiltIn">
<msg time="2025-06-04T15:36:02.195040" level="INFO">Slept 5 seconds.</msg>
<arg>5s</arg>
<doc>Pauses the test executed for the given time.</doc>
<status status="PASS" start="2025-06-04T15:35:57.194187" elapsed="5.000853"/>
</kw>
<kw name="Input Text" owner="SeleniumLibrary">
<msg time="2025-06-04T15:36:02.195040" level="INFO">Typing text 'jeannesnow' into text field '//*[@id="app"]/div[1]/div[2]/div[2]/div/div/form/div[1]/div/div[4]/div/div[2]/input'.</msg>
<arg>//*[@id="app"]/div[1]/div[2]/div[2]/div/div/form/div[1]/div/div[4]/div/div[2]/input</arg>
<arg>${username}</arg>
<doc>Types the given ``text`` into the text field identified by ``locator``.</doc>
<status status="PASS" start="2025-06-04T15:36:02.195040" elapsed="0.142988"/>
</kw>
<kw name="Sleep" owner="BuiltIn">
<msg time="2025-06-04T15:36:07.340509" level="INFO">Slept 5 seconds.</msg>
<arg>5s</arg>
<doc>Pauses the test executed for the given time.</doc>
<status status="PASS" start="2025-06-04T15:36:02.338028" elapsed="5.002481"/>
</kw>
<kw name="Input Text" owner="SeleniumLibrary">
<msg time="2025-06-04T15:36:07.340509" level="INFO">Typing text 'emp1' into text field '//*[@id="app"]/div[1]/div[2]/div[2]/div/div/form/div[2]/div/div[1]/div/div[2]/input'.</msg>
<arg>//*[@id="app"]/div[1]/div[2]/div[2]/div/div/form/div[2]/div/div[1]/div/div[2]/input</arg>
<arg>${emp_newPass}</arg>
<doc>Types the given ``text`` into the text field identified by ``locator``.</doc>
<status status="PASS" start="2025-06-04T15:36:07.340509" elapsed="0.141115"/>
</kw>
<kw name="Sleep" owner="BuiltIn">
<msg time="2025-06-04T15:36:12.482219" level="INFO">Slept 5 seconds.</msg>
<arg>5s</arg>
<doc>Pauses the test executed for the given time.</doc>
<status status="PASS" start="2025-06-04T15:36:07.481624" elapsed="5.000595"/>
</kw>
<kw name="Input Text" owner="SeleniumLibrary">
<msg time="2025-06-04T15:36:12.482219" level="INFO">Typing text 'emp2' into text field '//*[@id="app"]/div[1]/div[2]/div[2]/div/div/form/div[2]/div/div[2]/div/div[2]/input'.</msg>
<arg>//*[@id="app"]/div[1]/div[2]/div[2]/div/div/form/div[2]/div/div[2]/div/div[2]/input</arg>
<arg>${emp_newPass2}</arg>
<doc>Types the given ``text`` into the text field identified by ``locator``.</doc>
<status status="PASS" start="2025-06-04T15:36:12.482219" elapsed="0.144029"/>
</kw>
<kw name="Sleep" owner="BuiltIn">
<msg time="2025-06-04T15:36:17.627310" level="INFO">Slept 5 seconds.</msg>
<arg>5s</arg>
<doc>Pauses the test executed for the given time.</doc>
<status status="PASS" start="2025-06-04T15:36:12.626248" elapsed="5.001062"/>
</kw>
<status status="PASS" start="2025-06-04T15:35:24.217118" elapsed="53.410192"/>
</kw>
<status status="PASS" start="2025-06-04T15:35:24.215949" elapsed="53.411361"/>
</kw>
<kw name="And User save the admin user invalid data">
<kw name="Save User Data" owner="keywords">
<kw name="Click Button" owner="SeleniumLibrary">
<msg time="2025-06-04T15:36:17.627310" level="INFO">Clicking button '//*[@id="app"]/div[1]/div[2]/div[2]/div/div/form/div[3]/button[2]'.</msg>
<arg>//*[@id="app"]/div[1]/div[2]/div[2]/div/div/form/div[3]/button[2]</arg>
<doc>Clicks the button identified by ``locator``.</doc>
<status status="PASS" start="2025-06-04T15:36:17.627310" elapsed="0.124573"/>
</kw>
<kw name="Sleep" owner="BuiltIn">
<msg time="2025-06-04T15:36:27.752423" level="INFO">Slept 10 seconds.</msg>
<arg>10s</arg>
<doc>Pauses the test executed for the given time.</doc>
<status status="PASS" start="2025-06-04T15:36:17.751883" elapsed="10.000540"/>
</kw>
<status status="PASS" start="2025-06-04T15:36:17.627310" elapsed="10.125113"/>
</kw>
<status status="PASS" start="2025-06-04T15:36:17.627310" elapsed="10.125113"/>
</kw>
<tag>bad</tag>
<status status="PASS" start="2025-06-04T15:35:17.884376" elapsed="69.868047"/>
</test>
<test id="s1-t4" name="User Logout in OrangeHRM" line="58">
<kw name="Given User is on Dashboard">
<kw name="Dashboard" owner="keywords">
<kw name="Click Element" owner="SeleniumLibrary">
<msg time="2025-06-04T15:36:27.756930" level="INFO">Clicking element '//span[normalize-space()='Dashboard']'.</msg>
<arg>//span[normalize-space()='Dashboard']</arg>
<doc>Click the element identified by ``locator``.</doc>
<status status="PASS" start="2025-06-04T15:36:27.756930" elapsed="0.593764"/>
</kw>
<kw name="Sleep" owner="BuiltIn">
<msg time="2025-06-04T15:36:31.352948" level="INFO">Slept 3 seconds.</msg>
<arg>3s</arg>
<doc>Pauses the test executed for the given time.</doc>
<status status="PASS" start="2025-06-04T15:36:28.352702" elapsed="3.000246"/>
</kw>
<status status="PASS" start="2025-06-04T15:36:27.755384" elapsed="3.597564"/>
</kw>
<status status="PASS" start="2025-06-04T15:36:27.755384" elapsed="3.597564"/>
</kw>
<kw name="Then User Click Profile Dropdown">
<kw name="Profile Dropdown" owner="keywords">
<kw name="Click Element" owner="SeleniumLibrary">
<msg time="2025-06-04T15:36:31.356414" level="INFO">Clicking element '//p[@class='oxd-userdropdown-name']'.</msg>
<arg>//p[@class='oxd-userdropdown-name']</arg>
<doc>Click the element identified by ``locator``.</doc>
<status status="PASS" start="2025-06-04T15:36:31.352948" elapsed="0.096472"/>
</kw>
<kw name="Sleep" owner="BuiltIn">
<msg time="2025-06-04T15:36:34.450031" level="INFO">Slept 3 seconds.</msg>
<arg>3s</arg>
<doc>Pauses the test executed for the given time.</doc>
<status status="PASS" start="2025-06-04T15:36:31.449420" elapsed="3.000611"/>
</kw>
<status status="PASS" start="2025-06-04T15:36:31.352948" elapsed="3.097083"/>
</kw>
<status status="PASS" start="2025-06-04T15:36:31.352948" elapsed="3.097083"/>
</kw>
<kw name="Then User Click Logout">
<kw name="Logout" owner="keywords">
<kw name="Click Element" owner="SeleniumLibrary">
<msg time="2025-06-04T15:36:34.452898" level="INFO">Clicking element '//span[@class='oxd-userdropdown-tab']'.</msg>
<arg>//span[@class='oxd-userdropdown-tab']</arg>
<doc>Click the element identified by ``locator``.</doc>
<status status="PASS" start="2025-06-04T15:36:34.450031" elapsed="0.084031"/>
</kw>
<kw name="Sleep" owner="BuiltIn">
<msg time="2025-06-04T15:36:37.534712" level="INFO">Slept 3 seconds.</msg>
<arg>3s</arg>
<doc>Pauses the test executed for the given time.</doc>
<status status="PASS" start="2025-06-04T15:36:34.534062" elapsed="3.000650"/>
</kw>
<kw name="Click Element" owner="SeleniumLibrary">
<msg time="2025-06-04T15:36:37.534712" level="INFO">Clicking element '//a[normalize-space()='Logout']'.</msg>
<arg>//a[normalize-space()='Logout']</arg>
<doc>Click the element identified by ``locator``.</doc>
<status status="PASS" start="2025-06-04T15:36:37.534712" elapsed="0.810343"/>
</kw>
<kw name="Wait Until Page Contains Element" owner="SeleniumLibrary">
<arg>//div[@class='orangehrm-login-layout-blob']</arg>
<doc>Waits until the element ``locator`` appears on the current page.</doc>
<status status="PASS" start="2025-06-04T15:36:38.345055" elapsed="0.445339"/>
</kw>
<status status="PASS" start="2025-06-04T15:36:34.450031" elapsed="4.340363"/>
</kw>
<status status="PASS" start="2025-06-04T15:36:34.450031" elapsed="4.340363"/>
</kw>
<tag>bad</tag>
<tag>good</tag>
<status status="PASS" start="2025-06-04T15:36:27.754377" elapsed="11.036017"/>
</test>
<status status="PASS" start="2025-06-04T15:34:00.068370" elapsed="158.729921"/>
</suite>
<statistics>
<total>
<stat pass="4" fail="0" skip="0">All Tests</stat>
</total>
<tag>
<stat pass="4" fail="0" skip="0">bad</stat>
<stat pass="2" fail="0" skip="0">good</stat>
</tag>
<suite>
<stat name="Test" id="s1" pass="4" fail="0" skip="0">Test</stat>
</suite>
</statistics>
<errors>
</errors>
</robot>
